# JRE version: OpenJDK Runtime Environment Microsoft-11926163 (17.0.16+8) (build 17.0.16+8-LTS)
# Java VM: OpenJDK 64-Bit Server VM Microsoft-11926163 (17.0.16+8-LTS, mixed mode, sharing, tiered, compressed oops, compressed class ptrs, g1 gc, windows-amd64)
GC Precious Log:
 CPUs: 4 total, 4 available
 Memory: 12197M
 Large Page Support: Disabled
 NUMA Support: Disabled
 Compressed Oops: Enabled (Zero based)
 Heap Region Size: 2M
 Heap Min Capacity: 8M
 Heap Initial Capacity: 192M
 Heap Max Capacity: 3050M
 Pre-touch: Disabled
 Parallel Workers: 4
 Concurrent Workers: 1
 Concurrent Refinement Workers: 4
 Periodic GC: Disabled
Heap:
 garbage-first heap   total 96256K, used 47861K [0x0000000741600000, 0x0000000800000000)
  region size 2048K, 3 young (6144K), 2 survivors (4096K)
 Metaspace       used 90793K, committed 91456K, reserved 1179648K
  class space    used 11975K, committed 12288K, reserved 1048576K
GC Heap History (20 events):
Event: 18.792 GC heap before
{Heap before GC invocations=11 (full 0):
 garbage-first heap   total 61440K, used 44071K [0x0000000741600000, 0x0000000800000000)
  region size 2048K, 12 young (24576K), 2 survivors (4096K)
 Metaspace       used 39159K, committed 39680K, reserved 1114112K
  class space    used 4951K, committed 5184K, reserved 1048576K
}
Event: 18.801 GC heap after
{Heap after GC invocations=12 (full 0):
 garbage-first heap   total 61440K, used 25223K [0x0000000741600000, 0x0000000800000000)
  region size 2048K, 2 young (4096K), 2 survivors (4096K)
 Metaspace       used 39159K, committed 39680K, reserved 1114112K
  class space    used 4951K, committed 5184K, reserved 1048576K
}
Event: 18.936 GC heap before
{Heap before GC invocations=12 (full 0):
 garbage-first heap   total 61440K, used 27271K [0x0000000741600000, 0x0000000800000000)
  region size 2048K, 3 young (6144K), 2 survivors (4096K)
 Metaspace       used 39476K, committed 39936K, reserved 1114112K
  class space    used 4994K, committed 5184K, reserved 1048576K
}
Event: 18.951 GC heap after
{Heap after GC invocations=13 (full 0):
 garbage-first heap   total 61440K, used 25809K [0x0000000741600000, 0x0000000800000000)
  region size 2048K, 1 young (2048K), 1 survivors (2048K)
 Metaspace       used 39476K, committed 39936K, reserved 1114112K
  class space    used 4994K, committed 5184K, reserved 1048576K
}
Event: 20.721 GC heap before
{Heap before GC invocations=13 (full 0):
 garbage-first heap   total 61440K, used 44241K [0x0000000741600000, 0x0000000800000000)
  region size 2048K, 10 young (20480K), 1 survivors (2048K)
 Metaspace       used 43379K, committed 43840K, reserved 1114112K
  class space    used 5572K, committed 5760K, reserved 1048576K
}
Event: 20.727 GC heap after
{Heap after GC invocations=14 (full 0):
 garbage-first heap   total 96256K, used 26465K [0x0000000741600000, 0x0000000800000000)
  region size 2048K, 1 young (2048K), 1 survivors (2048K)
 Metaspace       used 43379K, committed 43840K, reserved 1114112K
  class space    used 5572K, committed 5760K, reserved 1048576K
}
Event: 25.492 GC heap before
{Heap before GC invocations=14 (full 0):
 garbage-first heap   total 96256K, used 71521K [0x0000000741600000, 0x0000000800000000)
  region size 2048K, 23 young (47104K), 1 survivors (2048K)
 Metaspace       used 57326K, committed 57856K, reserved 1114112K
  class space    used 7422K, committed 7680K, reserved 1048576K
}
Event: 25.501 GC heap after
{Heap after GC invocations=15 (full 0):
 garbage-first heap   total 96256K, used 29758K [0x0000000741600000, 0x0000000800000000)
  region size 2048K, 3 young (6144K), 3 survivors (6144K)
 Metaspace       used 57326K, committed 57856K, reserved 1114112K
  class space    used 7422K, committed 7680K, reserved 1048576K
}
Event: 26.244 GC heap before
{Heap before GC invocations=15 (full 0):
 garbage-first heap   total 96256K, used 44094K [0x0000000741600000, 0x0000000800000000)
  region size 2048K, 11 young (22528K), 3 survivors (6144K)
 Metaspace       used 60047K, committed 60480K, reserved 1114112K
  class space    used 7733K, committed 7936K, reserved 1048576K
}
Event: 26.256 GC heap after
{Heap after GC invocations=16 (full 0):
 garbage-first heap   total 96256K, used 30673K [0x0000000741600000, 0x0000000800000000)
  region size 2048K, 1 young (2048K), 1 survivors (2048K)
 Metaspace       used 60047K, committed 60480K, reserved 1114112K
  class space    used 7733K, committed 7936K, reserved 1048576K
}
Event: 29.510 GC heap before
{Heap before GC invocations=17 (full 0):
 garbage-first heap   total 96256K, used 73681K [0x0000000741600000, 0x0000000800000000)
  region size 2048K, 22 young (45056K), 1 survivors (2048K)
 Metaspace       used 69721K, committed 70272K, reserved 1114112K
  class space    used 9270K, committed 9536K, reserved 1048576K
}
Event: 29.521 GC heap after
{Heap after GC invocations=18 (full 0):
 garbage-first heap   total 96256K, used 32760K [0x0000000741600000, 0x0000000800000000)
  region size 2048K, 2 young (4096K), 2 survivors (4096K)
 Metaspace       used 69721K, committed 70272K, reserved 1114112K
  class space    used 9270K, committed 9536K, reserved 1048576K
}
Event: 33.845 GC heap before
{Heap before GC invocations=19 (full 0):
 garbage-first heap   total 96256K, used 73720K [0x0000000741600000, 0x0000000800000000)
  region size 2048K, 22 young (45056K), 2 survivors (4096K)
 Metaspace       used 76150K, committed 76736K, reserved 1179648K
  class space    used 10130K, committed 10432K, reserved 1048576K
}
Event: 33.868 GC heap after
{Heap after GC invocations=20 (full 0):
 garbage-first heap   total 96256K, used 36845K [0x0000000741600000, 0x0000000800000000)
  region size 2048K, 3 young (6144K), 3 survivors (6144K)
 Metaspace       used 76150K, committed 76736K, reserved 1179648K
  class space    used 10130K, committed 10432K, reserved 1048576K
}
Event: 54.120 GC heap before
{Heap before GC invocations=20 (full 0):
 garbage-first heap   total 96256K, used 75757K [0x0000000741600000, 0x0000000800000000)
  region size 2048K, 22 young (45056K), 3 survivors (6144K)
 Metaspace       used 83520K, committed 84160K, reserved 1179648K
  class space    used 11121K, committed 11456K, reserved 1048576K
}
Event: 54.143 GC heap after
{Heap after GC invocations=21 (full 0):
 garbage-first heap   total 96256K, used 40753K [0x0000000741600000, 0x0000000800000000)
  region size 2048K, 2 young (4096K), 2 survivors (4096K)
 Metaspace       used 83520K, committed 84160K, reserved 1179648K
  class space    used 11121K, committed 11456K, reserved 1048576K
}
Event: 68.591 GC heap before
{Heap before GC invocations=21 (full 0):
 garbage-first heap   total 96256K, used 73521K [0x0000000741600000, 0x0000000800000000)
  region size 2048K, 19 young (38912K), 2 survivors (4096K)
 Metaspace       used 88744K, committed 89344K, reserved 1179648K
  class space    used 11820K, committed 12096K, reserved 1048576K
}
Event: 68.612 GC heap after
{Heap after GC invocations=22 (full 0):
 garbage-first heap   total 96256K, used 44608K [0x0000000741600000, 0x0000000800000000)
  region size 2048K, 2 young (4096K), 2 survivors (4096K)
 Metaspace       used 88744K, committed 89344K, reserved 1179648K
  class space    used 11820K, committed 12096K, reserved 1048576K
}
Event: 13299.156 GC heap before
{Heap before GC invocations=22 (full 0):
 garbage-first heap   total 96256K, used 75328K [0x0000000741600000, 0x0000000800000000)
  region size 2048K, 17 young (34816K), 2 survivors (4096K)
 Metaspace       used 90790K, committed 91456K, reserved 1179648K
  class space    used 11975K, committed 12288K, reserved 1048576K
}
Event: 13299.212 GC heap after
{Heap after GC invocations=23 (full 0):
 garbage-first heap   total 96256K, used 47861K [0x0000000741600000, 0x0000000800000000)
  region size 2048K, 2 young (4096K), 2 survivors (4096K)
 Metaspace       used 90790K, committed 91456K, reserved 1179648K
  class space    used 11975K, committed 12288K, reserved 1048576K
}

